     1                                  
     2                                  bits 32 ;assembling for the 32 bits architecture
     3                                  ; the start label will be the entry point in the program
     4                                  global  start 
     5                                  
     6                                  extern  exit ; we inform the assembler that the exit symbol is foreign, i.e. it exists even if we won't be defining it
     7                                  
     8                                  import  exit msvcrt.dll; exit is a function that ends the process, it is defined in msvcrt.dll
     9                                          ; msvcrt.dll contains exit, printf and all the other important C-runtime functions
    10                                  segment  data use32 class=data ; the data segment where the variables are declared 
    11                                  	
    12 00000000 03                          a db 3;
    13 00000001 04                          b db 4;
    14 00000002 05                          c db 5;
    15 00000003 0C00                        d dw 12;
    16                                      
    17                                      
    18                                  segment  code use32 class=code ;
    19                                  start: 
    20                                  
    21 00000000 66A1[03000000]              mov AX, [d];
    22 00000006 F635[01000000]              div byte [b];
    23 0000000C 0205[01000000]              add AL, [b];
    24 00000012 0205[02000000]              add AL, [c];
    25 00000018 F625[00000000]              mul byte [a]
    26 0000001E 660305[00000000]            add AX, [a];
    27                                      	
