     1                                  ; Being given a string of words, compute the longest substring of ordered words ;(in increasing order) from this string.
     2                                  
     3                                  
     4                                  
     5                                  
     6                                  bits 32 
     7                                  global start
     8                                  extern exit; tell nasm that exit exists even if we won't be defining it
     9                                  import exit msvcrt.dll; exit is a function that ends the calling process. It is defined in msvcrt.dll
    10                                  ; our data is declared here (the variables needed by our program)
    11                                  segment data use32 class=data
    12                                  	
    13 00000000 341256347856001030-         A dw 1234h , 3456h , 5678h , 1000h, 1230h
    13 00000009 12                 
    14                                      len equ ($ - A)/2 ; length of the string A (in doublewords)= 3
    15 0000000A 00<rept>                    B times len db 0 ; length of the string A = 3
    16                                      
    17                                  ; our code starts here
    18                                  segment code use32 class=code
    19                                      start:
    20                                      
    21                                      
    22 00000000 BE[00000000]                mov ESI, A
    23 00000005 BF[02000000]                mov EDI, A+2
    24 0000000A B301                        mov BL, 1
    25 0000000C B700                        mov BH, 0
    26 0000000E B604                        mov DH, len - 1
    27 00000010 38FE                        cmp DH, BH
    28 00000012 7419                        je final
    29 00000014 B904000000                  mov ECX, len - 1
    30                                      repeta:
    31 00000019 66A7                            cmpsw
    32 0000001B 7702                            JA new
    33 0000001D FEC3                            inc BL
    34                                          new:
    35 0000001F 38DF                            cmp BH, BL
    36 00000021 7304                            jae notupdateed
    37 00000023 88DF                            mov BH, BL
    38 00000025 89FA                            mov EDX, EDI
    39                                          notupdateed:
    40 00000027 B301                            mov BL, 1
    41 00000029 66AB                            stosw
    42 0000002B E2EC                        loop repeta
    43                                      final:
    44 0000002D B800000000                  mov EAX, 0
    45 00000032 88F8                        mov AL, BH
    46 00000034 29C2                        sub EDX, EAX
    47 00000036 89D6                        mov ESI, EDX
    48 00000038 BF[0A000000]                mov EDI, B
    49 0000003D B900000000                  mov ECX, 0
    50 00000042 88F9                        mov CL, BH
    51                                      repeta2:
    52 00000044 66A5                        movsw
    53 00000046 E2FC                        loop repeta2
    54                                      
    55                                      
    56                                      
    57                                  	
    58                                  
    59                                  sfarsit:;end the program
    60                                             
    61 00000048 6A00                            push dword 0; push the parameter for exit onto the stack
    62 0000004A FF15[00000000]                  call [exit]; call exit to terminate the program
    63                                          
