     1                                  ; A text file is given. The text file contains numbers (in base 10) separated by spaces.
     2                                  ; Read the content of the file, determine the minimum number (from the numbers that have been read) and write the result at the end of file.
     3                                  
     4                                  
     5                                  
     6                                  bits 32
     7                                  
     8                                  global start
     9                                  
    10                                  ; declare external functions needed by our program
    11                                  extern exit, fopen, fprintf, fclose, fread, printf
    12                                  import exit msvcrt.dll
    13                                  import fopen msvcrt.dll
    14                                  import fprintf msvcrt.dll
    15                                  import fclose msvcrt.dll
    16                                  import fread msvcrt.dll
    17                                  import printf msvcrt.dll
    18                                  
    19                                  ; our data is declared here (the variables needed by our program)
    20                                  segment data use32 class=data
    21 00000000 746578742E74787400          file_name db "text.txt", 0   ; filename to be created
    22 00000009 7200                        access_mode db "r", 0
    23 0000000B 7700                        access_mode1 db "w", 0       ; file access mode:
    24                                                                  ; w - creates an empty file for writing
    25 0000000D FFFFFFFF                    file_descriptor dd -1       ; variable to hold the file descriptor
    26 00000011 2564000000000000            format dd "%d", 0  ; text to be write to file
    27 00000019 2564200000000000            wformat dd "%d ", 0
    28 00000021 536D616C6C65737420-         titleformat dd "Smallest number is: ", 0    
    28 0000002A 6E756D626572206973-
    28 00000033 3A2000000000       
    29                                      len equ 100
    30 00000039 00<rept>                    text times (len+1) db 0 
    31 0000009E 20                          space db ' '
    32                                  
    33                                  ; our code starts here
    34                                  segment code use32 class=code
    35                                      start:
    36                                          ; call fopen() to create the file
    37                                          ; fopen() will return a file descriptor in the EAX or 0 in case of error
    38                                          ; eax = fopen(file_name, access_mode)
    39 00000000 68[09000000]                    push dword access_mode     
    40 00000005 68[00000000]                    push dword file_name
    41 0000000A FF15[00000000]                  call [fopen]
    42 00000010 83C408                          add esp, 4*2                ; clean-up the stack
    43                                  
    44 00000013 A3[0D000000]                    mov [file_descriptor], eax
    45                                          
    46                                          ; check if fopen() has successfully created the file (EAX != 0)
    47 00000018 83F800                          cmp eax, 0
    48 0000001B 746B                            je final
    49                                          
    50 0000001D 68[21000000]                    push dword titleformat
    51 00000022 FF35[0D000000]                  push dword [file_descriptor]
    52 00000028 FF15[00000000]                  call [fprintf]
    53 0000002E 83C408                          add esp, 4*2
    54                                          
    55 00000031 FF35[0D000000]                  push dword [file_descriptor]
    56 00000037 6A64                            push dword len
    57 00000039 6A01                            push dword 1
    58 0000003B 68[39000000]                    push dword text        
    59 00000040 FF15[00000000]                  call [fread]
    60 00000046 83C410                          add esp, 4*4
    61                                          
    62 00000049 8A15[9E000000]                  mov dl, [space]
    63 0000004F 89C6                            mov esi, EAX
    64 00000051 89C1                            mov ecx, eax
    65 00000053 BB00000000                      mov ebx, 0
    66 00000058 E310                            jecxz endFor
    67                                          forIndex
    67          ******************       warning: label alone on a line without a colon might be in error [-w+orphan-labels]
    68 0000005A 8A9E[39000000]                      mov bl, [text+esi]
    69 00000060 38DA                                cmp dl, bl
    70 00000062 7403                                je ceau
    71 00000064 80EB30                              sub bl, '0'
    72                                              ceau:
    73 00000067 4E                                  dec esi            
    74                                              
    75 00000068 E2F0                            loop forIndex
    76                                          endFor:
    77                                          
    78                                          
    79 0000006A 53                              push dword ebx
    80                                          ;push dword EAX
    81 0000006B 68[11000000]                    push dword format
    82 00000070 FF15[00000000]                  call [printf]
    83 00000076 83C40C                          add esp, 4*3
    84                                  
    85                                          ; call fclose() to close the file
    86                                          ; fclose(file_descriptor)
    87 00000079 FF35[0D000000]                  push dword [file_descriptor]
    88 0000007F FF15[00000000]                  call [fclose]
    89 00000085 83C404                          add esp, 4
    90                                  
    91                                        final:
    92                                  
    93                                          ; exit(0)
    94 00000088 6A00                            push dword 0
    95 0000008A FF15[00000000]                  call [exit]
    96                                          
    97                                          
    98                                          
    99                                          
   100                                          
   101                                          
   102                                          
   103                                          
   104                                          
   105                                          
