     1                                  ; The following code will create an empty file called "ana.txt" in the current folder,
     2                                  ; and it will write a text to this file.
     3                                  
     4                                  ; The program will use:
     5                                  ; - the function fopen() to open/create the file
     6                                  ; - the function fprintf() to write a text to file
     7                                  ; - the function fclose() to close the created file.
     8                                  
     9                                  ; Because the program uses the file access mode "w", if a file with the same name already
    10                                  ; exists, its contents will be discarded and the file will be treated as a new empty file.
    11                                  ; For details about the file access modes see the section "Theory".
    12                                  
    13                                  bits 32
    14                                  
    15                                  global start
    16                                  
    17                                  ; declare external functions needed by our program
    18                                  extern exit, fopen, fprintf, fclose
    19                                  import exit msvcrt.dll
    20                                  import fopen msvcrt.dll
    21                                  import fprintf msvcrt.dll
    22                                  import fclose msvcrt.dll
    23                                  
    24                                  ; our data is declared here (the variables needed by our program)
    25                                  segment data use32 class=data
    26 00000000 616E612E74787400            file_name db "ana.txt", 0   ; filename to be created
    27 00000008 7700                        access_mode db "w", 0       ; file access mode:
    28                                                                  ; w - creates an empty file for writing
    29 0000000A FFFFFFFF                    file_descriptor dd -1       ; variable to hold the file descriptor
    30 0000000E 416E6120617265206D-         text db "Ana are mere.", 0  ; text to be write to file
    30 00000017 6572652E00         
    31                                  
    32                                  ; our code starts here
    33                                  segment code use32 class=code
    34                                      start:
    35                                          ; call fopen() to create the file
    36                                          ; fopen() will return a file descriptor in the EAX or 0 in case of error
    37                                          ; eax = fopen(file_name, access_mode)
    38 00000000 68[08000000]                    push dword access_mode     
    39 00000005 68[00000000]                    push dword file_name
    40 0000000A FF15[00000000]                  call [fopen]
    41 00000010 83C408                          add esp, 4*2                ; clean-up the stack
    42                                  
    43 00000013 A3[0A000000]                    mov [file_descriptor], eax  ; store the file descriptor returned by fopen
    44                                          
    45                                          ; check if fopen() has successfully created the file (EAX != 0)
    46 00000018 83F800                          cmp eax, 0
    47 0000001B 7423                            je final
    48                                  
    49                                          ; write the text to file using fprintf()
    50                                          ; fprintf(file_descriptor, text)
    51 0000001D 68[0E000000]                    push dword text
    52 00000022 FF35[0A000000]                  push dword [file_descriptor]
    53 00000028 FF15[00000000]                  call [fprintf]
    54 0000002E 83C408                          add esp, 4*2
    55                                  
    56                                          ; call fclose() to close the file
    57                                          ; fclose(file_descriptor)
    58 00000031 FF35[0A000000]                  push dword [file_descriptor]
    59 00000037 FF15[00000000]                  call [fclose]
    60 0000003D 83C404                          add esp, 4
    61                                  
    62                                        final:
    63                                  
    64                                          ; exit(0)
    65 00000040 6A00                            push dword 0      
    66 00000042 FF15[00000000]                  call [exit]
